Using pre-set license
Built from '2021.3/staging' branch; Version is '2021.3.0f1 (6eacc8284459) revision 7253192'; Using compiler version '192829333'; Build Type 'Release'
OS: 'Windows 10  (10.0.19044) 64bit Professional' Language: 'en' Physical Memory: 16312 MB
BatchMode: 1, IsHumanControllingUs: 0, StartBugReporterOnCrash: 0, Is64bit: 1, IsPro: 1

COMMAND LINE ARGUMENTS:
C:\Program Files\Unity\Hub\Editor\2021.3.0f1\Editor\Unity.exe
-adb2
-batchMode
-noUpm
-name
AssetImportWorker2
-projectPath
C:/Users/Vladis/Desktop/thisgamehasnonameyet
-logFile
Logs/AssetImportWorker2.log
-srvPort
62161
Successfully changed project path to: C:/Users/Vladis/Desktop/thisgamehasnonameyet
C:/Users/Vladis/Desktop/thisgamehasnonameyet
[UnityMemory] Configuration Parameters - Can be set up in boot.config
    "memorysetup-bucket-allocator-granularity=16"
    "memorysetup-bucket-allocator-bucket-count=8"
    "memorysetup-bucket-allocator-block-size=33554432"
    "memorysetup-bucket-allocator-block-count=8"
    "memorysetup-main-allocator-block-size=16777216"
    "memorysetup-thread-allocator-block-size=16777216"
    "memorysetup-gfx-main-allocator-block-size=16777216"
    "memorysetup-gfx-thread-allocator-block-size=16777216"
    "memorysetup-cache-allocator-block-size=4194304"
    "memorysetup-typetree-allocator-block-size=2097152"
    "memorysetup-profiler-bucket-allocator-granularity=16"
    "memorysetup-profiler-bucket-allocator-bucket-count=8"
    "memorysetup-profiler-bucket-allocator-block-size=33554432"
    "memorysetup-profiler-bucket-allocator-block-count=8"
    "memorysetup-profiler-allocator-block-size=16777216"
    "memorysetup-profiler-editor-allocator-block-size=1048576"
    "memorysetup-temp-allocator-size-main=16777216"
    "memorysetup-job-temp-allocator-block-size=2097152"
    "memorysetup-job-temp-allocator-block-size-background=1048576"
    "memorysetup-job-temp-allocator-reduction-small-platforms=262144"
    "memorysetup-temp-allocator-size-background-worker=32768"
    "memorysetup-temp-allocator-size-job-worker=262144"
    "memorysetup-temp-allocator-size-preload-manager=33554432"
    "memorysetup-temp-allocator-size-nav-mesh-worker=65536"
    "memorysetup-temp-allocator-size-audio-worker=65536"
    "memorysetup-temp-allocator-size-cloud-worker=32768"
    "memorysetup-temp-allocator-size-gi-baking-worker=262144"
    "memorysetup-temp-allocator-size-gfx=262144"
Refreshing native plugins compatible for Editor in 72.55 ms, found 2 plugins.
Preloading 0 native plugins for Editor in 0.00 ms.
Initialize engine version: 2021.3.0f1 (6eacc8284459)
[Subsystems] Discovering subsystems at path C:/Program Files/Unity/Hub/Editor/2021.3.0f1/Editor/Data/Resources/UnitySubsystems
[Subsystems] Discovering subsystems at path C:/Users/Vladis/Desktop/thisgamehasnonameyet/Assets
GfxDevice: creating device client; threaded=0; jobified=0
Direct3D:
    Version:  Direct3D 11.0 [level 11.1]
    Renderer: NVIDIA GeForce GTX 1650 (ID=0x2188)
    Vendor:   NVIDIA
    VRAM:     3962 MB
    Driver:   30.0.14.9729
Initialize mono
Mono path[0] = 'C:/Program Files/Unity/Hub/Editor/2021.3.0f1/Editor/Data/Managed'
Mono path[1] = 'C:/Program Files/Unity/Hub/Editor/2021.3.0f1/Editor/Data/MonoBleedingEdge/lib/mono/unityjit-win32'
Mono config path = 'C:/Program Files/Unity/Hub/Editor/2021.3.0f1/Editor/Data/MonoBleedingEdge/etc'
Using monoOptions --debugger-agent=transport=dt_socket,embedding=1,server=y,suspend=n,address=127.0.0.1:56416
Begin MonoManager ReloadAssembly
Registering precompiled unity dll's ...
Register platform support module: C:/Program Files/Unity/Hub/Editor/2021.3.0f1/Editor/Data/PlaybackEngines/WindowsStandaloneSupport/UnityEditor.WindowsStandalone.Extensions.dll
Registered in 0.008006 seconds.
Native extension for WindowsStandalone target not found
Refreshing native plugins compatible for Editor in 69.56 ms, found 2 plugins.
Preloading 0 native plugins for Editor in 0.00 ms.
Mono: successfully reloaded assembly
- Completed reload, in  0.605 seconds
Domain Reload Profiling:
	ReloadAssembly (606ms)
		BeginReloadAssembly (77ms)
			ExecutionOrderSort (0ms)
			DisableScriptedObjects (0ms)
			BackupInstance (0ms)
			ReleaseScriptingObjects (0ms)
			CreateAndSetChildDomain (1ms)
		EndReloadAssembly (421ms)
			LoadAssemblies (74ms)
			RebuildTransferFunctionScriptingTraits (0ms)
			SetupTypeCache (90ms)
			ReleaseScriptCaches (0ms)
			RebuildScriptCaches (28ms)
			SetupLoadedEditorAssemblies (255ms)
				LogAssemblyErrors (0ms)
				InitializePlatformSupportModulesInManaged (8ms)
				SetLoadedEditorAssemblies (0ms)
				RefreshPlugins (70ms)
				BeforeProcessingInitializeOnLoad (1ms)
				ProcessInitializeOnLoadAttributes (133ms)
				ProcessInitializeOnLoadMethodAttributes (42ms)
				AfterProcessingInitializeOnLoad (0ms)
				EditorAssembliesLoaded (0ms)
			ExecutionOrderSort2 (0ms)
			AwakeInstancesAfterBackupRestoration (0ms)
Platform modules already initialized, skipping
Registering precompiled user dll's ...
Registered in 0.005179 seconds.
Begin MonoManager ReloadAssembly
Symbol file LoadedFromMemory is not a mono symbol file
Native extension for WindowsStandalone target not found
Refreshing native plugins compatible for Editor in 68.54 ms, found 2 plugins.
Preloading 0 native plugins for Editor in 0.00 ms.
Mono: successfully reloaded assembly
- Completed reload, in  1.427 seconds
Domain Reload Profiling:
	ReloadAssembly (1428ms)
		BeginReloadAssembly (108ms)
			ExecutionOrderSort (0ms)
			DisableScriptedObjects (6ms)
			BackupInstance (0ms)
			ReleaseScriptingObjects (0ms)
			CreateAndSetChildDomain (18ms)
		EndReloadAssembly (1225ms)
			LoadAssemblies (88ms)
			RebuildTransferFunctionScriptingTraits (0ms)
			SetupTypeCache (200ms)
			ReleaseScriptCaches (1ms)
			RebuildScriptCaches (64ms)
			SetupLoadedEditorAssemblies (836ms)
				LogAssemblyErrors (0ms)
				InitializePlatformSupportModulesInManaged (12ms)
				SetLoadedEditorAssemblies (0ms)
				RefreshPlugins (69ms)
				BeforeProcessingInitializeOnLoad (105ms)
				ProcessInitializeOnLoadAttributes (576ms)
				ProcessInitializeOnLoadMethodAttributes (66ms)
				AfterProcessingInitializeOnLoad (9ms)
				EditorAssembliesLoaded (0ms)
			ExecutionOrderSort2 (0ms)
			AwakeInstancesAfterBackupRestoration (5ms)
Platform modules already initialized, skipping
========================================================================
Worker process is ready to serve import requests
Launched and connected shader compiler UnityShaderCompiler.exe after 0.04 seconds
Refreshing native plugins compatible for Editor in 0.88 ms, found 2 plugins.
Preloading 0 native plugins for Editor in 0.00 ms.
Unloading 4312 Unused Serialized files (Serialized files now loaded: 0)
Unloading 147 unused Assets / (1.8 MB). Loaded Objects now: 4787.
Memory consumption went from 286.1 MB to 284.2 MB.
Total: 4.287400 ms (FindLiveObjects: 0.400100 ms CreateObjectMapping: 0.124400 ms MarkObjects: 3.157500 ms  DeleteObjects: 0.604200 ms)

AssetImportParameters requested are different than current active one (requested -> active):
  custom:video-decoder-ogg-theora: a1e56fd34408186e4bbccfd4996cb3dc -> 
  custom:container-muxer-webm: aa71ff27fc2769a1b78a27578f13a17b -> 
  custom:container-demuxer-webm: 4f35f7cbe854078d1ac9338744f61a02 -> 
  custom:video-encoder-webm-vp8: eb34c28f22e8b96e1ab97ce403110664 -> 
  custom:audio-encoder-webm-vorbis: bf7c407c2cedff20999df2af8eb42d56 -> 
  custom:framework-win-MediaFoundation: 216162199b28c13a410421893ffa2e32 -> 
  custom:container-demuxer-ogg: 62fdf1f143b41e24485cea50d1cbac27 -> 
  custom:video-decoder-webm-vp8: 9c59270c3fd7afecdb556c50c9e8de78 -> 
  custom:audio-decoder-ogg-vorbis: bf7c407c2cedff20999df2af8eb42d56 -> 
========================================================================
Received Import Request.
  Time since last request: 857978.121673 seconds.
  path: Assets/Textures/natural-grass-texture-pattern-background-golf-course-turf-lawn-top-view-bright-yellow-green-natural-grass-texture-pattern-186174250.jpg
  artifactKey: Guid(d0f4104c084d8a649b932f29fc82531a) Importer(815301076,1909f56bfc062723c751e8b465ee728b)
Start importing Assets/Textures/natural-grass-texture-pattern-background-golf-course-turf-lawn-top-view-bright-yellow-green-natural-grass-texture-pattern-186174250.jpg using Guid(d0f4104c084d8a649b932f29fc82531a) Importer(815301076,1909f56bfc062723c751e8b465ee728b)  -> (artifact id: '3b7ae45208d64353b1372128bab47e1d') in 0.097979 seconds 
========================================================================
Received Import Request.
  Time since last request: 14.391688 seconds.
  path: Assets/Textures/natural-grass-texture-pattern-background-golf-course-turf-lawn-top-view-bright-yellow-green-natural-grass-texture-pattern-186174250.jpg
  artifactKey: Guid(d0f4104c084d8a649b932f29fc82531a) Importer(815301076,1909f56bfc062723c751e8b465ee728b)
Start importing Assets/Textures/natural-grass-texture-pattern-background-golf-course-turf-lawn-top-view-bright-yellow-green-natural-grass-texture-pattern-186174250.jpg using Guid(d0f4104c084d8a649b932f29fc82531a) Importer(815301076,1909f56bfc062723c751e8b465ee728b)  -> (artifact id: '461c04e9ea9f77ca2e163e72473702d3') in 0.106442 seconds 
========================================================================
Received Import Request.
  Time since last request: 198.608552 seconds.
  path: Assets/grasslayer.png
  artifactKey: Guid(d0c0344d56bb9c8478426b8a69c4e5a4) Importer(815301076,1909f56bfc062723c751e8b465ee728b)
Start importing Assets/grasslayer.png using Guid(d0c0344d56bb9c8478426b8a69c4e5a4) Importer(815301076,1909f56bfc062723c751e8b465ee728b)  -> (artifact id: 'c9de6b1494be208a23e3d93ae713e34a') in 0.023843 seconds 
========================================================================
Received Import Request.
  Time since last request: 119.974894 seconds.
  path: Assets/Terrain/Terrain_0_0_7d6c1ee6-1f46-4c4b-8b05-d4f68eae0e48.asset
  artifactKey: Guid(6c06fc602bca9ed49be5ddb727d3e88a) Importer(815301076,1909f56bfc062723c751e8b465ee728b)
Start importing Assets/Terrain/Terrain_0_0_7d6c1ee6-1f46-4c4b-8b05-d4f68eae0e48.asset using Guid(6c06fc602bca9ed49be5ddb727d3e88a) Importer(815301076,1909f56bfc062723c751e8b465ee728b)  -> (artifact id: '5750e5d4cd1ed51e74d07987bc57a5cd') in 0.023775 seconds 
========================================================================
Received Import Request.
  Time since last request: 2.706542 seconds.
  path: Assets/Tree_Textures
  artifactKey: Guid(694980db94b47be4c9c0148ed238a9f2) Importer(815301076,1909f56bfc062723c751e8b465ee728b)
Start importing Assets/Tree_Textures using Guid(694980db94b47be4c9c0148ed238a9f2) Importer(815301076,1909f56bfc062723c751e8b465ee728b)  -> (artifact id: '34dc69aa9c49c5064ee6f527f67424cb') in 0.006154 seconds 
========================================================================
Received Import Request.
  Time since last request: 563.979234 seconds.
  path: Assets/Textures/grasslayer.png
  artifactKey: Guid(d0c0344d56bb9c8478426b8a69c4e5a4) Importer(815301076,1909f56bfc062723c751e8b465ee728b)
Start importing Assets/Textures/grasslayer.png using Guid(d0c0344d56bb9c8478426b8a69c4e5a4) Importer(815301076,1909f56bfc062723c751e8b465ee728b)  -> (artifact id: '17db01b23e1af6916e30d6029d4cf1a5') in 0.014179 seconds 
========================================================================
Received Import Request.
  Time since last request: 24.046805 seconds.
  path: Assets/Textures/grasslayer.png
  artifactKey: Guid(d0c0344d56bb9c8478426b8a69c4e5a4) Importer(815301076,1909f56bfc062723c751e8b465ee728b)
Start importing Assets/Textures/grasslayer.png using Guid(d0c0344d56bb9c8478426b8a69c4e5a4) Importer(815301076,1909f56bfc062723c751e8b465ee728b)  -> (artifact id: 'ed14164681fdba7fb6ee816469c11842') in 0.013104 seconds 
========================================================================
Received Import Request.
  Time since last request: 6.058954 seconds.
  path: Assets/Textures/grasslayer.png
  artifactKey: Guid(d0c0344d56bb9c8478426b8a69c4e5a4) Importer(815301076,1909f56bfc062723c751e8b465ee728b)
Start importing Assets/Textures/grasslayer.png using Guid(d0c0344d56bb9c8478426b8a69c4e5a4) Importer(815301076,1909f56bfc062723c751e8b465ee728b)  -> (artifact id: '96f4ae5b4896887142b489baa51f14ef') in 0.037992 seconds 
========================================================================
Received Import Request.
  Time since last request: 7.652771 seconds.
  path: Assets/Textures/grasslayer.png
  artifactKey: Guid(d0c0344d56bb9c8478426b8a69c4e5a4) Importer(815301076,1909f56bfc062723c751e8b465ee728b)
Start importing Assets/Textures/grasslayer.png using Guid(d0c0344d56bb9c8478426b8a69c4e5a4) Importer(815301076,1909f56bfc062723c751e8b465ee728b)  -> (artifact id: 'f19a681c8e5ca8abed7bf5a950e5bc28') in 0.014598 seconds 
========================================================================
Received Import Request.
  Time since last request: 29.310033 seconds.
  path: Assets/Textures/grasslayer.png
  artifactKey: Guid(d0c0344d56bb9c8478426b8a69c4e5a4) Importer(815301076,1909f56bfc062723c751e8b465ee728b)
Start importing Assets/Textures/grasslayer.png using Guid(d0c0344d56bb9c8478426b8a69c4e5a4) Importer(815301076,1909f56bfc062723c751e8b465ee728b)  -> (artifact id: 'ac29001301d959792377ea1762ae92da') in 0.034628 seconds 
========================================================================
Received Import Request.
  Time since last request: 33.578893 seconds.
  path: Assets/grass.terrainlayer
  artifactKey: Guid(24216c581a39c8d44a8894a97b60fcd7) Importer(815301076,1909f56bfc062723c751e8b465ee728b)
Start importing Assets/grass.terrainlayer using Guid(24216c581a39c8d44a8894a97b60fcd7) Importer(815301076,1909f56bfc062723c751e8b465ee728b)  -> (artifact id: 'cbdcd9aa45e735c1f82e56716cb4c91e') in 0.084901 seconds 
========================================================================
Received Import Request.
  Time since last request: 39.323798 seconds.
  path: Assets/Textures/grass.terrainlayer
  artifactKey: Guid(24216c581a39c8d44a8894a97b60fcd7) Importer(815301076,1909f56bfc062723c751e8b465ee728b)
Start importing Assets/Textures/grass.terrainlayer using Guid(24216c581a39c8d44a8894a97b60fcd7) Importer(815301076,1909f56bfc062723c751e8b465ee728b)  -> (artifact id: '37d8cb75f35ba15db93cfac429d61b48') in 0.028737 seconds 
========================================================================
Received Import Request.
  Time since last request: 11.041398 seconds.
  path: Assets/Textures/grass.terrainlayer
  artifactKey: Guid(24216c581a39c8d44a8894a97b60fcd7) Importer(815301076,1909f56bfc062723c751e8b465ee728b)
Start importing Assets/Textures/grass.terrainlayer using Guid(24216c581a39c8d44a8894a97b60fcd7) Importer(815301076,1909f56bfc062723c751e8b465ee728b)  -> (artifact id: '96d59126096eb29436bcc578356d52a1') in 0.020340 seconds 
========================================================================
Received Import Request.
  Time since last request: 8.062714 seconds.
  path: Assets/Textures/grass.terrainlayer
  artifactKey: Guid(24216c581a39c8d44a8894a97b60fcd7) Importer(815301076,1909f56bfc062723c751e8b465ee728b)
Start importing Assets/Textures/grass.terrainlayer using Guid(24216c581a39c8d44a8894a97b60fcd7) Importer(815301076,1909f56bfc062723c751e8b465ee728b)  -> (artifact id: '5546b2de0f5e5b7fdaff2b677f8f8a8b') in 0.020656 seconds 
========================================================================
Received Import Request.
  Time since last request: 3.568812 seconds.
  path: Assets/Textures/grass.terrainlayer
  artifactKey: Guid(24216c581a39c8d44a8894a97b60fcd7) Importer(815301076,1909f56bfc062723c751e8b465ee728b)
Start importing Assets/Textures/grass.terrainlayer using Guid(24216c581a39c8d44a8894a97b60fcd7) Importer(815301076,1909f56bfc062723c751e8b465ee728b)  -> (artifact id: '987882bcd8b13830a3c9c1b015e61855') in 0.033138 seconds 
========================================================================
Received Import Request.
  Time since last request: 34.564329 seconds.
  path: Assets/Textures/grass.terrainlayer
  artifactKey: Guid(24216c581a39c8d44a8894a97b60fcd7) Importer(815301076,1909f56bfc062723c751e8b465ee728b)
Start importing Assets/Textures/grass.terrainlayer using Guid(24216c581a39c8d44a8894a97b60fcd7) Importer(815301076,1909f56bfc062723c751e8b465ee728b)  -> (artifact id: '297886f3af6636fe1539cf7265949749') in 0.034950 seconds 
========================================================================
Received Import Request.
  Time since last request: 6.350666 seconds.
  path: Assets/Textures/grass.terrainlayer
  artifactKey: Guid(24216c581a39c8d44a8894a97b60fcd7) Importer(815301076,1909f56bfc062723c751e8b465ee728b)
Start importing Assets/Textures/grass.terrainlayer using Guid(24216c581a39c8d44a8894a97b60fcd7) Importer(815301076,1909f56bfc062723c751e8b465ee728b)  -> (artifact id: '233321a5a5e419e8f7e7a2fda34a0834') in 0.019106 seconds 
========================================================================
Received Import Request.
  Time since last request: 13.344670 seconds.
  path: Assets/Textures/grass.terrainlayer
  artifactKey: Guid(24216c581a39c8d44a8894a97b60fcd7) Importer(815301076,1909f56bfc062723c751e8b465ee728b)
Start importing Assets/Textures/grass.terrainlayer using Guid(24216c581a39c8d44a8894a97b60fcd7) Importer(815301076,1909f56bfc062723c751e8b465ee728b)  -> (artifact id: '3e1f70b9681d78294c5f36729cb87039') in 0.018357 seconds 
========================================================================
Received Import Request.
  Time since last request: 8.034170 seconds.
  path: Assets/Textures/grass.terrainlayer
  artifactKey: Guid(24216c581a39c8d44a8894a97b60fcd7) Importer(815301076,1909f56bfc062723c751e8b465ee728b)
Start importing Assets/Textures/grass.terrainlayer using Guid(24216c581a39c8d44a8894a97b60fcd7) Importer(815301076,1909f56bfc062723c751e8b465ee728b)  -> (artifact id: '19a7d98169bb701396b694038134b596') in 0.022556 seconds 
========================================================================
Received Import Request.
  Time since last request: 174.247385 seconds.
  path: Assets/Textures/grass.terrainlayer
  artifactKey: Guid(24216c581a39c8d44a8894a97b60fcd7) Importer(815301076,1909f56bfc062723c751e8b465ee728b)
Start importing Assets/Textures/grass.terrainlayer using Guid(24216c581a39c8d44a8894a97b60fcd7) Importer(815301076,1909f56bfc062723c751e8b465ee728b)  -> (artifact id: 'b5931cd66729aef0ed6ed0bc5757cab0') in 0.026488 seconds 
========================================================================
Received Import Request.
  Time since last request: 9.047608 seconds.
  path: Assets/Textures/grasslayer 1.png
  artifactKey: Guid(59abb616032e3574484ac12557b80a00) Importer(815301076,1909f56bfc062723c751e8b465ee728b)
Start importing Assets/Textures/grasslayer 1.png using Guid(59abb616032e3574484ac12557b80a00) Importer(815301076,1909f56bfc062723c751e8b465ee728b)  -> (artifact id: '9ea7fb8d214d6bf5bebb717cfa797a47') in 0.019495 seconds 
========================================================================
Received Import Request.
  Time since last request: 4.920038 seconds.
  path: Assets/Textures/grasslayer 1.png
  artifactKey: Guid(59abb616032e3574484ac12557b80a00) Importer(815301076,1909f56bfc062723c751e8b465ee728b)
Start importing Assets/Textures/grasslayer 1.png using Guid(59abb616032e3574484ac12557b80a00) Importer(815301076,1909f56bfc062723c751e8b465ee728b)  -> (artifact id: '87f1f7f2438219bc2b11b3617b47150f') in 0.029825 seconds 
========================================================================
Received Import Request.
  Time since last request: 2.539685 seconds.
  path: Assets/Terrain/Terrain_0_0_43caa19c-f8b2-448d-8cca-f4124d263827.asset
  artifactKey: Guid(c116269b84ed81140994d7d494bb2a3f) Importer(815301076,1909f56bfc062723c751e8b465ee728b)
Start importing Assets/Terrain/Terrain_0_0_43caa19c-f8b2-448d-8cca-f4124d263827.asset using Guid(c116269b84ed81140994d7d494bb2a3f) Importer(815301076,1909f56bfc062723c751e8b465ee728b)  -> (artifact id: '74e149f1c2e17336e3d532911b6a7168') in 0.030821 seconds 
========================================================================
Received Prepare
Registering precompiled user dll's ...
Registered in 0.005317 seconds.
Begin MonoManager ReloadAssembly
Symbol file LoadedFromMemory is not a mono symbol file
Native extension for WindowsStandalone target not found
Refreshing native plugins compatible for Editor in 0.66 ms, found 2 plugins.
Preloading 0 native plugins for Editor in 0.00 ms.
Mono: successfully reloaded assembly
- Completed reload, in  1.475 seconds
Domain Reload Profiling:
	ReloadAssembly (1475ms)
		BeginReloadAssembly (150ms)
			ExecutionOrderSort (0ms)
			DisableScriptedObjects (5ms)
			BackupInstance (0ms)
			ReleaseScriptingObjects (0ms)
			CreateAndSetChildDomain (42ms)
		EndReloadAssembly (1225ms)
			LoadAssemblies (99ms)
			RebuildTransferFunctionScriptingTraits (0ms)
			SetupTypeCache (214ms)
			ReleaseScriptCaches (2ms)
			RebuildScriptCaches (70ms)
			SetupLoadedEditorAssemblies (793ms)
				LogAssemblyErrors (0ms)
				InitializePlatformSupportModulesInManaged (13ms)
				SetLoadedEditorAssemblies (0ms)
				RefreshPlugins (1ms)
				BeforeProcessingInitializeOnLoad (112ms)
				ProcessInitializeOnLoadAttributes (586ms)
				ProcessInitializeOnLoadMethodAttributes (71ms)
				AfterProcessingInitializeOnLoad (9ms)
				EditorAssembliesLoaded (0ms)
			ExecutionOrderSort2 (0ms)
			AwakeInstancesAfterBackupRestoration (8ms)
Platform modules already initialized, skipping
Refreshing native plugins compatible for Editor in 1.82 ms, found 2 plugins.
Preloading 0 native plugins for Editor in 0.00 ms.
Unloading 4125 Unused Serialized files (Serialized files now loaded: 0)
Unloading 30 unused Assets / (1.8 MB). Loaded Objects now: 4803.
Memory consumption went from 273.8 MB to 272.0 MB.
Total: 3.950900 ms (FindLiveObjects: 0.313900 ms CreateObjectMapping: 0.098500 ms MarkObjects: 3.071800 ms  DeleteObjects: 0.465400 ms)

AssetImportParameters requested are different than current active one (requested -> active):
  custom:video-decoder-ogg-theora: a1e56fd34408186e4bbccfd4996cb3dc -> 
  custom:container-muxer-webm: aa71ff27fc2769a1b78a27578f13a17b -> 
  custom:container-demuxer-webm: 4f35f7cbe854078d1ac9338744f61a02 -> 
  custom:video-encoder-webm-vp8: eb34c28f22e8b96e1ab97ce403110664 -> 
  custom:audio-encoder-webm-vorbis: bf7c407c2cedff20999df2af8eb42d56 -> 
  custom:framework-win-MediaFoundation: 216162199b28c13a410421893ffa2e32 -> 
  custom:container-demuxer-ogg: 62fdf1f143b41e24485cea50d1cbac27 -> 
  custom:video-decoder-webm-vp8: 9c59270c3fd7afecdb556c50c9e8de78 -> 
  custom:audio-decoder-ogg-vorbis: bf7c407c2cedff20999df2af8eb42d56 -> 
========================================================================
Received Import Request.
  Time since last request: 1590.788475 seconds.
  path: Assets/Textures/Free High Quality Tileable _ Seamless Photoshop Patterns, Textures & Background Images.jpeg
  artifactKey: Guid(cf6b525db58c8a34fb24ed142298145c) Importer(815301076,1909f56bfc062723c751e8b465ee728b)
Start importing Assets/Textures/Free High Quality Tileable _ Seamless Photoshop Patterns, Textures & Background Images.jpeg using Guid(cf6b525db58c8a34fb24ed142298145c) Importer(815301076,1909f56bfc062723c751e8b465ee728b)  -> (artifact id: '9b73337f3bb4f0d6b1d442137d893137') in 0.058460 seconds 
========================================================================
Received Import Request.
  Time since last request: 566.102572 seconds.
  path: Assets/seamlessgrass.terrainlayer
  artifactKey: Guid(790d4522a2fd80240946dfd917a0a4a1) Importer(815301076,1909f56bfc062723c751e8b465ee728b)
Start importing Assets/seamlessgrass.terrainlayer using Guid(790d4522a2fd80240946dfd917a0a4a1) Importer(815301076,1909f56bfc062723c751e8b465ee728b)  -> (artifact id: '91c54e99c8f854be79b4dfc9687465e1') in 0.018104 seconds 
========================================================================
Received Import Request.
  Time since last request: 16.183692 seconds.
  path: Assets/Textures/Free High Quality Tileable _ Seamless Photoshop Patterns, Textures & Background Images.jpeg
  artifactKey: Guid(cf6b525db58c8a34fb24ed142298145c) Importer(815301076,1909f56bfc062723c751e8b465ee728b)
Start importing Assets/Textures/Free High Quality Tileable _ Seamless Photoshop Patterns, Textures & Background Images.jpeg using Guid(cf6b525db58c8a34fb24ed142298145c) Importer(815301076,1909f56bfc062723c751e8b465ee728b)  -> (artifact id: 'b3b30ab065657584e93b91df4ea15ef1') in 0.016012 seconds 
========================================================================
Received Import Request.
  Time since last request: 4.346455 seconds.
  path: Assets/Textures/Free High Quality Tileable _ Seamless Photoshop Patterns, Textures & Background Images.jpeg
  artifactKey: Guid(cf6b525db58c8a34fb24ed142298145c) Importer(815301076,1909f56bfc062723c751e8b465ee728b)
Start importing Assets/Textures/Free High Quality Tileable _ Seamless Photoshop Patterns, Textures & Background Images.jpeg using Guid(cf6b525db58c8a34fb24ed142298145c) Importer(815301076,1909f56bfc062723c751e8b465ee728b)  -> (artifact id: '604b842ac5f50e21eca4193a6fc613ae') in 0.016250 seconds 
========================================================================
Received Import Request.
  Time since last request: 8.822106 seconds.
  path: Assets/Textures/Free High Quality Tileable _ Seamless Photoshop Patterns, Textures & Background Images.jpeg
  artifactKey: Guid(cf6b525db58c8a34fb24ed142298145c) Importer(815301076,1909f56bfc062723c751e8b465ee728b)
Start importing Assets/Textures/Free High Quality Tileable _ Seamless Photoshop Patterns, Textures & Background Images.jpeg using Guid(cf6b525db58c8a34fb24ed142298145c) Importer(815301076,1909f56bfc062723c751e8b465ee728b)  -> (artifact id: 'f3235981514528530bf03374ee186eee') in 0.080019 seconds 
========================================================================
Received Import Request.
  Time since last request: 6.336763 seconds.
  path: Assets/Textures/Free High Quality Tileable _ Seamless Photoshop Patterns, Textures & Background Images.jpeg
  artifactKey: Guid(cf6b525db58c8a34fb24ed142298145c) Importer(815301076,1909f56bfc062723c751e8b465ee728b)
Start importing Assets/Textures/Free High Quality Tileable _ Seamless Photoshop Patterns, Textures & Background Images.jpeg using Guid(cf6b525db58c8a34fb24ed142298145c) Importer(815301076,1909f56bfc062723c751e8b465ee728b)  -> (artifact id: 'ce4c67d5790f0c9a4f0983e579b9e091') in 0.073058 seconds 
========================================================================
Received Prepare
Registering precompiled user dll's ...
Registered in 0.005808 seconds.
Begin MonoManager ReloadAssembly
Symbol file LoadedFromMemory is not a mono symbol file
Native extension for WindowsStandalone target not found
Refreshing native plugins compatible for Editor in 0.66 ms, found 2 plugins.
Preloading 0 native plugins for Editor in 0.00 ms.
Mono: successfully reloaded assembly
- Completed reload, in  1.498 seconds
Domain Reload Profiling:
	ReloadAssembly (1499ms)
		BeginReloadAssembly (151ms)
			ExecutionOrderSort (0ms)
			DisableScriptedObjects (6ms)
			BackupInstance (0ms)
			ReleaseScriptingObjects (0ms)
			CreateAndSetChildDomain (45ms)
		EndReloadAssembly (1239ms)
			LoadAssemblies (96ms)
			RebuildTransferFunctionScriptingTraits (0ms)
			SetupTypeCache (216ms)
			ReleaseScriptCaches (2ms)
			RebuildScriptCaches (75ms)
			SetupLoadedEditorAssemblies (795ms)
				LogAssemblyErrors (0ms)
				InitializePlatformSupportModulesInManaged (12ms)
				SetLoadedEditorAssemblies (0ms)
				RefreshPlugins (1ms)
				BeforeProcessingInitializeOnLoad (110ms)
				ProcessInitializeOnLoadAttributes (590ms)
				ProcessInitializeOnLoadMethodAttributes (72ms)
				AfterProcessingInitializeOnLoad (10ms)
				EditorAssembliesLoaded (0ms)
			ExecutionOrderSort2 (0ms)
			AwakeInstancesAfterBackupRestoration (10ms)
Platform modules already initialized, skipping
Refreshing native plugins compatible for Editor in 1.96 ms, found 2 plugins.
Preloading 0 native plugins for Editor in 0.00 ms.
Unloading 4125 Unused Serialized files (Serialized files now loaded: 0)
Unloading 30 unused Assets / (1.8 MB). Loaded Objects now: 4808.
Memory consumption went from 273.8 MB to 272.0 MB.
Total: 4.152200 ms (FindLiveObjects: 0.347100 ms CreateObjectMapping: 0.100600 ms MarkObjects: 3.198600 ms  DeleteObjects: 0.504900 ms)

AssetImportParameters requested are different than current active one (requested -> active):
  custom:video-decoder-ogg-theora: a1e56fd34408186e4bbccfd4996cb3dc -> 
  custom:container-muxer-webm: aa71ff27fc2769a1b78a27578f13a17b -> 
  custom:container-demuxer-webm: 4f35f7cbe854078d1ac9338744f61a02 -> 
  custom:video-encoder-webm-vp8: eb34c28f22e8b96e1ab97ce403110664 -> 
  custom:audio-encoder-webm-vorbis: bf7c407c2cedff20999df2af8eb42d56 -> 
  custom:framework-win-MediaFoundation: 216162199b28c13a410421893ffa2e32 -> 
  custom:container-demuxer-ogg: 62fdf1f143b41e24485cea50d1cbac27 -> 
  custom:video-decoder-webm-vp8: 9c59270c3fd7afecdb556c50c9e8de78 -> 
  custom:audio-decoder-ogg-vorbis: bf7c407c2cedff20999df2af8eb42d56 -> 
========================================================================
Received Import Request.
  Time since last request: 52.346948 seconds.
  path: Assets/Textures/Free High Quality Tileable _ Seamless Photoshop Patterns, Textures & Background Images.jpeg
  artifactKey: Guid(cf6b525db58c8a34fb24ed142298145c) Importer(815301076,1909f56bfc062723c751e8b465ee728b)
Start importing Assets/Textures/Free High Quality Tileable _ Seamless Photoshop Patterns, Textures & Background Images.jpeg using Guid(cf6b525db58c8a34fb24ed142298145c) Importer(815301076,1909f56bfc062723c751e8b465ee728b)  -> (artifact id: '0abf68b59464502bffd8f3dc7e663dcd') in 0.055824 seconds 
========================================================================
Received Import Request.
  Time since last request: 4.633679 seconds.
  path: Assets/Textures/Free High Quality Tileable _ Seamless Photoshop Patterns, Textures & Background Images.jpeg
  artifactKey: Guid(cf6b525db58c8a34fb24ed142298145c) Importer(815301076,1909f56bfc062723c751e8b465ee728b)
Start importing Assets/Textures/Free High Quality Tileable _ Seamless Photoshop Patterns, Textures & Background Images.jpeg using Guid(cf6b525db58c8a34fb24ed142298145c) Importer(815301076,1909f56bfc062723c751e8b465ee728b)  -> (artifact id: 'f40bc9dd4b7eb0cf27df5c186dcc17a3') in 0.028791 seconds 
========================================================================
Received Import Request.
  Time since last request: 3.433206 seconds.
  path: Assets/Textures/Free High Quality Tileable _ Seamless Photoshop Patterns, Textures & Background Images.jpeg
  artifactKey: Guid(cf6b525db58c8a34fb24ed142298145c) Importer(815301076,1909f56bfc062723c751e8b465ee728b)
Start importing Assets/Textures/Free High Quality Tileable _ Seamless Photoshop Patterns, Textures & Background Images.jpeg using Guid(cf6b525db58c8a34fb24ed142298145c) Importer(815301076,1909f56bfc062723c751e8b465ee728b)  -> (artifact id: '610e90b3195458b1617f36a1cbd57e0a') in 0.017004 seconds 
========================================================================
Received Import Request.
  Time since last request: 3.031749 seconds.
  path: Assets/Textures/Free High Quality Tileable _ Seamless Photoshop Patterns, Textures & Background Images.jpeg
  artifactKey: Guid(cf6b525db58c8a34fb24ed142298145c) Importer(815301076,1909f56bfc062723c751e8b465ee728b)
Start importing Assets/Textures/Free High Quality Tileable _ Seamless Photoshop Patterns, Textures & Background Images.jpeg using Guid(cf6b525db58c8a34fb24ed142298145c) Importer(815301076,1909f56bfc062723c751e8b465ee728b)  -> (artifact id: 'fa36408335ad878edb97e761d674d865') in 0.015256 seconds 
========================================================================
Received Prepare
Registering precompiled user dll's ...
Registered in 0.004479 seconds.
Begin MonoManager ReloadAssembly
Symbol file LoadedFromMemory is not a mono symbol file
Native extension for WindowsStandalone target not found
Refreshing native plugins compatible for Editor in 0.76 ms, found 2 plugins.
Preloading 0 native plugins for Editor in 0.00 ms.
Mono: successfully reloaded assembly
- Completed reload, in  1.467 seconds
Domain Reload Profiling:
	ReloadAssembly (1467ms)
		BeginReloadAssembly (146ms)
			ExecutionOrderSort (0ms)
			DisableScriptedObjects (5ms)
			BackupInstance (0ms)
			ReleaseScriptingObjects (0ms)
			CreateAndSetChildDomain (39ms)
		EndReloadAssembly (1217ms)
			LoadAssemblies (101ms)
			RebuildTransferFunctionScriptingTraits (0ms)
			SetupTypeCache (233ms)
			ReleaseScriptCaches (2ms)
			RebuildScriptCaches (67ms)
			SetupLoadedEditorAssemblies (768ms)
				LogAssemblyErrors (0ms)
				InitializePlatformSupportModulesInManaged (12ms)
				SetLoadedEditorAssemblies (0ms)
				RefreshPlugins (1ms)
				BeforeProcessingInitializeOnLoad (111ms)
				ProcessInitializeOnLoadAttributes (563ms)
				ProcessInitializeOnLoadMethodAttributes (71ms)
				AfterProcessingInitializeOnLoad (9ms)
				EditorAssembliesLoaded (0ms)
			ExecutionOrderSort2 (0ms)
			AwakeInstancesAfterBackupRestoration (10ms)
Platform modules already initialized, skipping
Refreshing native plugins compatible for Editor in 1.95 ms, found 2 plugins.
Preloading 0 native plugins for Editor in 0.00 ms.
Unloading 4125 Unused Serialized files (Serialized files now loaded: 0)
Unloading 30 unused Assets / (1.8 MB). Loaded Objects now: 4811.
Memory consumption went from 273.8 MB to 272.0 MB.
Total: 4.214500 ms (FindLiveObjects: 0.372300 ms CreateObjectMapping: 0.114400 ms MarkObjects: 3.241900 ms  DeleteObjects: 0.484700 ms)

AssetImportParameters requested are different than current active one (requested -> active):
  custom:video-decoder-ogg-theora: a1e56fd34408186e4bbccfd4996cb3dc -> 
  custom:container-muxer-webm: aa71ff27fc2769a1b78a27578f13a17b -> 
  custom:container-demuxer-webm: 4f35f7cbe854078d1ac9338744f61a02 -> 
  custom:video-encoder-webm-vp8: eb34c28f22e8b96e1ab97ce403110664 -> 
  custom:audio-encoder-webm-vorbis: bf7c407c2cedff20999df2af8eb42d56 -> 
  custom:framework-win-MediaFoundation: 216162199b28c13a410421893ffa2e32 -> 
  custom:container-demuxer-ogg: 62fdf1f143b41e24485cea50d1cbac27 -> 
  custom:video-decoder-webm-vp8: 9c59270c3fd7afecdb556c50c9e8de78 -> 
  custom:audio-decoder-ogg-vorbis: bf7c407c2cedff20999df2af8eb42d56 -> 
========================================================================
Received Import Request.
  Time since last request: 2171.665560 seconds.
  path: Assets/Models/room.prefab
  artifactKey: Guid(b46a4ce196c94b045901104eebbc7970) Importer(815301076,1909f56bfc062723c751e8b465ee728b)
Start importing Assets/Models/room.prefab using Guid(b46a4ce196c94b045901104eebbc7970) Importer(815301076,1909f56bfc062723c751e8b465ee728b)  -> (artifact id: '26c33c0913963d7a3eeecba502d57a72') in 0.039732 seconds 
========================================================================
Received Import Request.
  Time since last request: 78.767068 seconds.
  path: Assets/Scenes/GeneratorFloor.unity
  artifactKey: Guid(dbfabc2724da609439cceacccd62bb2b) Importer(815301076,1909f56bfc062723c751e8b465ee728b)
Start importing Assets/Scenes/GeneratorFloor.unity using Guid(dbfabc2724da609439cceacccd62bb2b) Importer(815301076,1909f56bfc062723c751e8b465ee728b)  -> (artifact id: '2564e63f2d5a617f637ce6753a9a0cb8') in 0.006197 seconds 
========================================================================
Received Import Request.
  Time since last request: 66.970719 seconds.
  path: Assets/Player
  artifactKey: Guid(8f907130ebc8b08409c9dde1abc26102) Importer(815301076,1909f56bfc062723c751e8b465ee728b)
Start importing Assets/Player using Guid(8f907130ebc8b08409c9dde1abc26102) Importer(815301076,1909f56bfc062723c751e8b465ee728b)  -> (artifact id: '69b86ea70b4621df44aaa000b53154aa') in 0.005496 seconds 
========================================================================
Received Import Request.
  Time since last request: 789.546087 seconds.
  path: Assets/Scenes/Entrance.unity
  artifactKey: Guid(da2f1fb33c4994d449aa3683a8445eb7) Importer(815301076,1909f56bfc062723c751e8b465ee728b)
Start importing Assets/Scenes/Entrance.unity using Guid(da2f1fb33c4994d449aa3683a8445eb7) Importer(815301076,1909f56bfc062723c751e8b465ee728b)  -> (artifact id: 'f9307e1f917dc679644a223dbea352ea') in 0.008193 seconds 
========================================================================
Received Import Request.
  Time since last request: 23.987713 seconds.
  path: Assets/prefabs
  artifactKey: Guid(3c2bc919765f0cd418d3daa072d3b07b) Importer(815301076,1909f56bfc062723c751e8b465ee728b)
Start importing Assets/prefabs using Guid(3c2bc919765f0cd418d3daa072d3b07b) Importer(815301076,1909f56bfc062723c751e8b465ee728b)  -> (artifact id: 'ec30a335075809e9b1ebe859a93a4c4d') in 0.005963 seconds 
========================================================================
Received Import Request.
  Time since last request: 28.144249 seconds.
  path: Assets/prefabs/elevator.prefab
  artifactKey: Guid(083530fd694e1fd4fa21f65414891e82) Importer(815301076,1909f56bfc062723c751e8b465ee728b)
Start importing Assets/prefabs/elevator.prefab using Guid(083530fd694e1fd4fa21f65414891e82) Importer(815301076,1909f56bfc062723c751e8b465ee728b)  -> (artifact id: 'ed13d4f4c733419d4bcbdefb222e45e1') in 0.211186 seconds 
========================================================================
Received Import Request.
  Time since last request: 28.322036 seconds.
  path: Assets/Scenes/GeneratorFloor.unity
  artifactKey: Guid(dbfabc2724da609439cceacccd62bb2b) Importer(815301076,1909f56bfc062723c751e8b465ee728b)
Start importing Assets/Scenes/GeneratorFloor.unity using Guid(dbfabc2724da609439cceacccd62bb2b) Importer(815301076,1909f56bfc062723c751e8b465ee728b)  -> (artifact id: '54c224358de729a9a9e73fdc4e0721e2') in 0.002333 seconds 
========================================================================
Received Prepare
Registering precompiled user dll's ...
Registered in 0.005015 seconds.
Begin MonoManager ReloadAssembly
Symbol file LoadedFromMemory is not a mono symbol file
Native extension for WindowsStandalone target not found
Refreshing native plugins compatible for Editor in 0.79 ms, found 2 plugins.
Preloading 0 native plugins for Editor in 0.00 ms.
Mono: successfully reloaded assembly
- Completed reload, in  1.469 seconds
Domain Reload Profiling:
	ReloadAssembly (1469ms)
		BeginReloadAssembly (176ms)
			ExecutionOrderSort (0ms)
			DisableScriptedObjects (7ms)
			BackupInstance (0ms)
			ReleaseScriptingObjects (0ms)
			CreateAndSetChildDomain (56ms)
		EndReloadAssembly (1194ms)
			LoadAssemblies (103ms)
			RebuildTransferFunctionScriptingTraits (0ms)
			SetupTypeCache (207ms)
			ReleaseScriptCaches (2ms)
			RebuildScriptCaches (70ms)
			SetupLoadedEditorAssemblies (764ms)
				LogAssemblyErrors (0ms)
				InitializePlatformSupportModulesInManaged (12ms)
				SetLoadedEditorAssemblies (0ms)
				RefreshPlugins (1ms)
				BeforeProcessingInitializeOnLoad (109ms)
				ProcessInitializeOnLoadAttributes (560ms)
				ProcessInitializeOnLoadMethodAttributes (71ms)
				AfterProcessingInitializeOnLoad (10ms)
				EditorAssembliesLoaded (0ms)
			ExecutionOrderSort2 (0ms)
			AwakeInstancesAfterBackupRestoration (13ms)
Platform modules already initialized, skipping
Refreshing native plugins compatible for Editor in 1.93 ms, found 2 plugins.
Preloading 0 native plugins for Editor in 0.00 ms.
Unloading 4125 Unused Serialized files (Serialized files now loaded: 0)
Unloading 30 unused Assets / (1.8 MB). Loaded Objects now: 4869.
Memory consumption went from 276.6 MB to 274.8 MB.
Total: 4.458900 ms (FindLiveObjects: 0.414800 ms CreateObjectMapping: 0.106800 ms MarkObjects: 3.387700 ms  DeleteObjects: 0.547300 ms)

AssetImportParameters requested are different than current active one (requested -> active):
  custom:video-decoder-ogg-theora: a1e56fd34408186e4bbccfd4996cb3dc -> 
  custom:container-muxer-webm: aa71ff27fc2769a1b78a27578f13a17b -> 
  custom:container-demuxer-webm: 4f35f7cbe854078d1ac9338744f61a02 -> 
  custom:video-encoder-webm-vp8: eb34c28f22e8b96e1ab97ce403110664 -> 
  custom:audio-encoder-webm-vorbis: bf7c407c2cedff20999df2af8eb42d56 -> 
  custom:framework-win-MediaFoundation: 216162199b28c13a410421893ffa2e32 -> 
  custom:container-demuxer-ogg: 62fdf1f143b41e24485cea50d1cbac27 -> 
  custom:video-decoder-webm-vp8: 9c59270c3fd7afecdb556c50c9e8de78 -> 
  custom:audio-decoder-ogg-vorbis: bf7c407c2cedff20999df2af8eb42d56 -> 
========================================================================
Received Prepare
Registering precompiled user dll's ...
Registered in 0.004736 seconds.
Begin MonoManager ReloadAssembly
Symbol file LoadedFromMemory is not a mono symbol file
Native extension for WindowsStandalone target not found
Refreshing native plugins compatible for Editor in 0.92 ms, found 2 plugins.
Preloading 0 native plugins for Editor in 0.00 ms.
Mono: successfully reloaded assembly
- Completed reload, in  1.413 seconds
Domain Reload Profiling:
	ReloadAssembly (1414ms)
		BeginReloadAssembly (140ms)
			ExecutionOrderSort (0ms)
			DisableScriptedObjects (6ms)
			BackupInstance (0ms)
			ReleaseScriptingObjects (0ms)
			CreateAndSetChildDomain (35ms)
		EndReloadAssembly (1170ms)
			LoadAssemblies (90ms)
			RebuildTransferFunctionScriptingTraits (0ms)
			SetupTypeCache (207ms)
			ReleaseScriptCaches (3ms)
			RebuildScriptCaches (67ms)
			SetupLoadedEditorAssemblies (744ms)
				LogAssemblyErrors (0ms)
				InitializePlatformSupportModulesInManaged (12ms)
				SetLoadedEditorAssemblies (1ms)
				RefreshPlugins (1ms)
				BeforeProcessingInitializeOnLoad (106ms)
				ProcessInitializeOnLoadAttributes (547ms)
				ProcessInitializeOnLoadMethodAttributes (69ms)
				AfterProcessingInitializeOnLoad (9ms)
				EditorAssembliesLoaded (0ms)
			ExecutionOrderSort2 (0ms)
			AwakeInstancesAfterBackupRestoration (12ms)
Platform modules already initialized, skipping
Refreshing native plugins compatible for Editor in 1.88 ms, found 2 plugins.
Preloading 0 native plugins for Editor in 0.00 ms.
Unloading 4125 Unused Serialized files (Serialized files now loaded: 0)
Unloading 30 unused Assets / (1.8 MB). Loaded Objects now: 4872.
Memory consumption went from 276.5 MB to 274.7 MB.
Total: 3.946500 ms (FindLiveObjects: 0.317100 ms CreateObjectMapping: 0.104000 ms MarkObjects: 3.043400 ms  DeleteObjects: 0.481300 ms)

AssetImportParameters requested are different than current active one (requested -> active):
  custom:video-decoder-ogg-theora: a1e56fd34408186e4bbccfd4996cb3dc -> 
  custom:container-muxer-webm: aa71ff27fc2769a1b78a27578f13a17b -> 
  custom:container-demuxer-webm: 4f35f7cbe854078d1ac9338744f61a02 -> 
  custom:video-encoder-webm-vp8: eb34c28f22e8b96e1ab97ce403110664 -> 
  custom:audio-encoder-webm-vorbis: bf7c407c2cedff20999df2af8eb42d56 -> 
  custom:framework-win-MediaFoundation: 216162199b28c13a410421893ffa2e32 -> 
  custom:container-demuxer-ogg: 62fdf1f143b41e24485cea50d1cbac27 -> 
  custom:video-decoder-webm-vp8: 9c59270c3fd7afecdb556c50c9e8de78 -> 
  custom:audio-decoder-ogg-vorbis: bf7c407c2cedff20999df2af8eb42d56 -> 
========================================================================
Received Prepare
Registering precompiled user dll's ...
Registered in 0.005946 seconds.
Begin MonoManager ReloadAssembly
Symbol file LoadedFromMemory is not a mono symbol file
Native extension for WindowsStandalone target not found
Refreshing native plugins compatible for Editor in 1.01 ms, found 2 plugins.
Preloading 0 native plugins for Editor in 0.00 ms.
Mono: successfully reloaded assembly
- Completed reload, in  1.405 seconds
Domain Reload Profiling:
	ReloadAssembly (1405ms)
		BeginReloadAssembly (139ms)
			ExecutionOrderSort (0ms)
			DisableScriptedObjects (6ms)
			BackupInstance (0ms)
			ReleaseScriptingObjects (0ms)
			CreateAndSetChildDomain (34ms)
		EndReloadAssembly (1171ms)
			LoadAssemblies (89ms)
			RebuildTransferFunctionScriptingTraits (0ms)
			SetupTypeCache (202ms)
			ReleaseScriptCaches (2ms)
			RebuildScriptCaches (68ms)
			SetupLoadedEditorAssemblies (753ms)
				LogAssemblyErrors (0ms)
				InitializePlatformSupportModulesInManaged (13ms)
				SetLoadedEditorAssemblies (0ms)
				RefreshPlugins (1ms)
				BeforeProcessingInitializeOnLoad (111ms)
				ProcessInitializeOnLoadAttributes (551ms)
				ProcessInitializeOnLoadMethodAttributes (68ms)
				AfterProcessingInitializeOnLoad (9ms)
				EditorAssembliesLoaded (0ms)
			ExecutionOrderSort2 (0ms)
			AwakeInstancesAfterBackupRestoration (13ms)
Platform modules already initialized, skipping
Refreshing native plugins compatible for Editor in 1.91 ms, found 2 plugins.
Preloading 0 native plugins for Editor in 0.00 ms.
Unloading 4125 Unused Serialized files (Serialized files now loaded: 0)
Unloading 30 unused Assets / (1.8 MB). Loaded Objects now: 4875.
Memory consumption went from 276.5 MB to 274.7 MB.
Total: 4.198700 ms (FindLiveObjects: 0.478600 ms CreateObjectMapping: 0.109200 ms MarkObjects: 3.071600 ms  DeleteObjects: 0.537400 ms)

AssetImportParameters requested are different than current active one (requested -> active):
  custom:video-decoder-ogg-theora: a1e56fd34408186e4bbccfd4996cb3dc -> 
  custom:container-muxer-webm: aa71ff27fc2769a1b78a27578f13a17b -> 
  custom:container-demuxer-webm: 4f35f7cbe854078d1ac9338744f61a02 -> 
  custom:video-encoder-webm-vp8: eb34c28f22e8b96e1ab97ce403110664 -> 
  custom:audio-encoder-webm-vorbis: bf7c407c2cedff20999df2af8eb42d56 -> 
  custom:framework-win-MediaFoundation: 216162199b28c13a410421893ffa2e32 -> 
  custom:container-demuxer-ogg: 62fdf1f143b41e24485cea50d1cbac27 -> 
  custom:video-decoder-webm-vp8: 9c59270c3fd7afecdb556c50c9e8de78 -> 
  custom:audio-decoder-ogg-vorbis: bf7c407c2cedff20999df2af8eb42d56 -> 
========================================================================
Received Prepare
Registering precompiled user dll's ...
Registered in 0.006121 seconds.
Begin MonoManager ReloadAssembly
Symbol file LoadedFromMemory is not a mono symbol file
Native extension for WindowsStandalone target not found
Refreshing native plugins compatible for Editor in 0.78 ms, found 2 plugins.
Preloading 0 native plugins for Editor in 0.00 ms.
Mono: successfully reloaded assembly
- Completed reload, in  1.431 seconds
Domain Reload Profiling:
	ReloadAssembly (1432ms)
		BeginReloadAssembly (142ms)
			ExecutionOrderSort (0ms)
			DisableScriptedObjects (6ms)
			BackupInstance (0ms)
			ReleaseScriptingObjects (0ms)
			CreateAndSetChildDomain (34ms)
		EndReloadAssembly (1186ms)
			LoadAssemblies (94ms)
			RebuildTransferFunctionScriptingTraits (0ms)
			SetupTypeCache (213ms)
			ReleaseScriptCaches (2ms)
			RebuildScriptCaches (68ms)
			SetupLoadedEditorAssemblies (754ms)
				LogAssemblyErrors (0ms)
				InitializePlatformSupportModulesInManaged (12ms)
				SetLoadedEditorAssemblies (0ms)
				RefreshPlugins (1ms)
				BeforeProcessingInitializeOnLoad (107ms)
				ProcessInitializeOnLoadAttributes (557ms)
				ProcessInitializeOnLoadMethodAttributes (68ms)
				AfterProcessingInitializeOnLoad (9ms)
				EditorAssembliesLoaded (0ms)
			ExecutionOrderSort2 (0ms)
			AwakeInstancesAfterBackupRestoration (12ms)
Platform modules already initialized, skipping
Refreshing native plugins compatible for Editor in 1.87 ms, found 2 plugins.
Preloading 0 native plugins for Editor in 0.00 ms.
Unloading 4125 Unused Serialized files (Serialized files now loaded: 0)
Unloading 30 unused Assets / (1.8 MB). Loaded Objects now: 4878.
Memory consumption went from 276.5 MB to 274.7 MB.
Total: 4.119000 ms (FindLiveObjects: 0.352400 ms CreateObjectMapping: 0.103400 ms MarkObjects: 3.129700 ms  DeleteObjects: 0.532100 ms)

AssetImportParameters requested are different than current active one (requested -> active):
  custom:video-decoder-ogg-theora: a1e56fd34408186e4bbccfd4996cb3dc -> 
  custom:container-muxer-webm: aa71ff27fc2769a1b78a27578f13a17b -> 
  custom:container-demuxer-webm: 4f35f7cbe854078d1ac9338744f61a02 -> 
  custom:video-encoder-webm-vp8: eb34c28f22e8b96e1ab97ce403110664 -> 
  custom:audio-encoder-webm-vorbis: bf7c407c2cedff20999df2af8eb42d56 -> 
  custom:framework-win-MediaFoundation: 216162199b28c13a410421893ffa2e32 -> 
  custom:container-demuxer-ogg: 62fdf1f143b41e24485cea50d1cbac27 -> 
  custom:video-decoder-webm-vp8: 9c59270c3fd7afecdb556c50c9e8de78 -> 
  custom:audio-decoder-ogg-vorbis: bf7c407c2cedff20999df2af8eb42d56 -> 
========================================================================
Received Prepare
Registering precompiled user dll's ...
Registered in 0.004489 seconds.
Begin MonoManager ReloadAssembly
Symbol file LoadedFromMemory is not a mono symbol file
Native extension for WindowsStandalone target not found
Refreshing native plugins compatible for Editor in 0.72 ms, found 2 plugins.
Preloading 0 native plugins for Editor in 0.00 ms.
Mono: successfully reloaded assembly
- Completed reload, in  1.455 seconds
Domain Reload Profiling:
	ReloadAssembly (1456ms)
		BeginReloadAssembly (143ms)
			ExecutionOrderSort (0ms)
			DisableScriptedObjects (5ms)
			BackupInstance (0ms)
			ReleaseScriptingObjects (0ms)
			CreateAndSetChildDomain (35ms)
		EndReloadAssembly (1213ms)
			LoadAssemblies (92ms)
			RebuildTransferFunctionScriptingTraits (0ms)
			SetupTypeCache (222ms)
			ReleaseScriptCaches (2ms)
			RebuildScriptCaches (77ms)
			SetupLoadedEditorAssemblies (754ms)
				LogAssemblyErrors (0ms)
				InitializePlatformSupportModulesInManaged (15ms)
				SetLoadedEditorAssemblies (1ms)
				RefreshPlugins (1ms)
				BeforeProcessingInitializeOnLoad (114ms)
				ProcessInitializeOnLoadAttributes (539ms)
				ProcessInitializeOnLoadMethodAttributes (74ms)
				AfterProcessingInitializeOnLoad (10ms)
				EditorAssembliesLoaded (0ms)
			ExecutionOrderSort2 (0ms)
			AwakeInstancesAfterBackupRestoration (13ms)
Platform modules already initialized, skipping
Refreshing native plugins compatible for Editor in 1.93 ms, found 2 plugins.
Preloading 0 native plugins for Editor in 0.00 ms.
Unloading 4125 Unused Serialized files (Serialized files now loaded: 0)
Unloading 30 unused Assets / (1.8 MB). Loaded Objects now: 4881.
Memory consumption went from 276.5 MB to 274.7 MB.
Total: 4.256500 ms (FindLiveObjects: 0.360800 ms CreateObjectMapping: 0.103500 ms MarkObjects: 3.135400 ms  DeleteObjects: 0.654900 ms)

AssetImportParameters requested are different than current active one (requested -> active):
  custom:video-decoder-ogg-theora: a1e56fd34408186e4bbccfd4996cb3dc -> 
  custom:container-muxer-webm: aa71ff27fc2769a1b78a27578f13a17b -> 
  custom:container-demuxer-webm: 4f35f7cbe854078d1ac9338744f61a02 -> 
  custom:video-encoder-webm-vp8: eb34c28f22e8b96e1ab97ce403110664 -> 
  custom:audio-encoder-webm-vorbis: bf7c407c2cedff20999df2af8eb42d56 -> 
  custom:framework-win-MediaFoundation: 216162199b28c13a410421893ffa2e32 -> 
  custom:container-demuxer-ogg: 62fdf1f143b41e24485cea50d1cbac27 -> 
  custom:video-decoder-webm-vp8: 9c59270c3fd7afecdb556c50c9e8de78 -> 
  custom:audio-decoder-ogg-vorbis: bf7c407c2cedff20999df2af8eb42d56 -> 
========================================================================
Received Import Request.
  Time since last request: 4057.938525 seconds.
  path: Assets/Scenes/GeneratorFloor.unity
  artifactKey: Guid(dbfabc2724da609439cceacccd62bb2b) Importer(815301076,1909f56bfc062723c751e8b465ee728b)
Start importing Assets/Scenes/GeneratorFloor.unity using Guid(dbfabc2724da609439cceacccd62bb2b) Importer(815301076,1909f56bfc062723c751e8b465ee728b)  -> (artifact id: 'a5b3989da33d6aca12efd24afded40ff') in 0.012001 seconds 
========================================================================
Received Prepare
Registering precompiled user dll's ...
Registered in 0.004601 seconds.
Begin MonoManager ReloadAssembly
Symbol file LoadedFromMemory is not a mono symbol file
Native extension for WindowsStandalone target not found
Refreshing native plugins compatible for Editor in 0.97 ms, found 2 plugins.
Preloading 0 native plugins for Editor in 0.00 ms.
Mono: successfully reloaded assembly
- Completed reload, in  1.436 seconds
Domain Reload Profiling:
	ReloadAssembly (1437ms)
		BeginReloadAssembly (142ms)
			ExecutionOrderSort (0ms)
			DisableScriptedObjects (7ms)
			BackupInstance (0ms)
			ReleaseScriptingObjects (0ms)
			CreateAndSetChildDomain (35ms)
		EndReloadAssembly (1198ms)
			LoadAssemblies (92ms)
			RebuildTransferFunctionScriptingTraits (0ms)
			SetupTypeCache (207ms)
			ReleaseScriptCaches (2ms)
			RebuildScriptCaches (76ms)
			SetupLoadedEditorAssemblies (762ms)
				LogAssemblyErrors (0ms)
				InitializePlatformSupportModulesInManaged (12ms)
				SetLoadedEditorAssemblies (1ms)
				RefreshPlugins (1ms)
				BeforeProcessingInitializeOnLoad (108ms)
				ProcessInitializeOnLoadAttributes (559ms)
				ProcessInitializeOnLoadMethodAttributes (72ms)
				AfterProcessingInitializeOnLoad (9ms)
				EditorAssembliesLoaded (0ms)
			ExecutionOrderSort2 (0ms)
			AwakeInstancesAfterBackupRestoration (12ms)
Platform modules already initialized, skipping
Refreshing native plugins compatible for Editor in 2.11 ms, found 2 plugins.
Preloading 0 native plugins for Editor in 0.00 ms.
Unloading 4125 Unused Serialized files (Serialized files now loaded: 0)
Unloading 30 unused Assets / (1.8 MB). Loaded Objects now: 4884.
Memory consumption went from 276.6 MB to 274.7 MB.
Total: 4.410800 ms (FindLiveObjects: 0.369000 ms CreateObjectMapping: 0.107900 ms MarkObjects: 3.360000 ms  DeleteObjects: 0.572800 ms)

AssetImportParameters requested are different than current active one (requested -> active):
  custom:video-decoder-ogg-theora: a1e56fd34408186e4bbccfd4996cb3dc -> 
  custom:container-muxer-webm: aa71ff27fc2769a1b78a27578f13a17b -> 
  custom:container-demuxer-webm: 4f35f7cbe854078d1ac9338744f61a02 -> 
  custom:video-encoder-webm-vp8: eb34c28f22e8b96e1ab97ce403110664 -> 
  custom:audio-encoder-webm-vorbis: bf7c407c2cedff20999df2af8eb42d56 -> 
  custom:framework-win-MediaFoundation: 216162199b28c13a410421893ffa2e32 -> 
  custom:container-demuxer-ogg: 62fdf1f143b41e24485cea50d1cbac27 -> 
  custom:video-decoder-webm-vp8: 9c59270c3fd7afecdb556c50c9e8de78 -> 
  custom:audio-decoder-ogg-vorbis: bf7c407c2cedff20999df2af8eb42d56 -> 
========================================================================
Received Prepare
Registering precompiled user dll's ...
Registered in 0.005672 seconds.
Begin MonoManager ReloadAssembly
Symbol file LoadedFromMemory is not a mono symbol file
Native extension for WindowsStandalone target not found
Refreshing native plugins compatible for Editor in 1.14 ms, found 2 plugins.
Preloading 0 native plugins for Editor in 0.00 ms.
Mono: successfully reloaded assembly
- Completed reload, in  1.473 seconds
Domain Reload Profiling:
	ReloadAssembly (1474ms)
		BeginReloadAssembly (159ms)
			ExecutionOrderSort (0ms)
			DisableScriptedObjects (6ms)
			BackupInstance (0ms)
			ReleaseScriptingObjects (0ms)
			CreateAndSetChildDomain (42ms)
		EndReloadAssembly (1215ms)
			LoadAssemblies (103ms)
			RebuildTransferFunctionScriptingTraits (0ms)
			SetupTypeCache (216ms)
			ReleaseScriptCaches (2ms)
			RebuildScriptCaches (70ms)
			SetupLoadedEditorAssemblies (772ms)
				LogAssemblyErrors (0ms)
				InitializePlatformSupportModulesInManaged (12ms)
				SetLoadedEditorAssemblies (1ms)
				RefreshPlugins (1ms)
				BeforeProcessingInitializeOnLoad (112ms)
				ProcessInitializeOnLoadAttributes (565ms)
				ProcessInitializeOnLoadMethodAttributes (72ms)
				AfterProcessingInitializeOnLoad (9ms)
				EditorAssembliesLoaded (0ms)
			ExecutionOrderSort2 (0ms)
			AwakeInstancesAfterBackupRestoration (13ms)
Platform modules already initialized, skipping
Refreshing native plugins compatible for Editor in 1.92 ms, found 2 plugins.
Preloading 0 native plugins for Editor in 0.00 ms.
Unloading 4125 Unused Serialized files (Serialized files now loaded: 0)
Unloading 30 unused Assets / (1.8 MB). Loaded Objects now: 4887.
Memory consumption went from 276.6 MB to 274.8 MB.
Total: 4.201900 ms (FindLiveObjects: 0.388600 ms CreateObjectMapping: 0.105100 ms MarkObjects: 3.190000 ms  DeleteObjects: 0.517300 ms)

AssetImportParameters requested are different than current active one (requested -> active):
  custom:video-decoder-ogg-theora: a1e56fd34408186e4bbccfd4996cb3dc -> 
  custom:container-muxer-webm: aa71ff27fc2769a1b78a27578f13a17b -> 
  custom:container-demuxer-webm: 4f35f7cbe854078d1ac9338744f61a02 -> 
  custom:video-encoder-webm-vp8: eb34c28f22e8b96e1ab97ce403110664 -> 
  custom:audio-encoder-webm-vorbis: bf7c407c2cedff20999df2af8eb42d56 -> 
  custom:framework-win-MediaFoundation: 216162199b28c13a410421893ffa2e32 -> 
  custom:container-demuxer-ogg: 62fdf1f143b41e24485cea50d1cbac27 -> 
  custom:video-decoder-webm-vp8: 9c59270c3fd7afecdb556c50c9e8de78 -> 
  custom:audio-decoder-ogg-vorbis: bf7c407c2cedff20999df2af8eb42d56 -> 
========================================================================
Received Import Request.
  Time since last request: 3692.582227 seconds.
  path: Assets/Scenes/Entrance.unity
  artifactKey: Guid(da2f1fb33c4994d449aa3683a8445eb7) Importer(815301076,1909f56bfc062723c751e8b465ee728b)
Start importing Assets/Scenes/Entrance.unity using Guid(da2f1fb33c4994d449aa3683a8445eb7) Importer(815301076,1909f56bfc062723c751e8b465ee728b)  -> (artifact id: '295a505a3d8e1c4a7cef0fcac64c840b') in 0.011624 seconds 
========================================================================
Received Import Request.
  Time since last request: 15.463247 seconds.
  path: Assets/Textures/grass.terrainlayer
  artifactKey: Guid(24216c581a39c8d44a8894a97b60fcd7) Importer(815301076,1909f56bfc062723c751e8b465ee728b)
Start importing Assets/Textures/grass.terrainlayer using Guid(24216c581a39c8d44a8894a97b60fcd7) Importer(815301076,1909f56bfc062723c751e8b465ee728b)  -> (artifact id: '98a8296ed3d94adf0a4fb217ec88834e') in 0.180201 seconds 
========================================================================
Received Import Request.
  Time since last request: 4.785190 seconds.
  path: Assets/Textures/Maple_Bark_2_COLOR.png
  artifactKey: Guid(03e1a583c8205ad43b4d3e044e99523c) Importer(815301076,1909f56bfc062723c751e8b465ee728b)
Start importing Assets/Textures/Maple_Bark_2_COLOR.png using Guid(03e1a583c8205ad43b4d3e044e99523c) Importer(815301076,1909f56bfc062723c751e8b465ee728b)  -> (artifact id: 'f8ce84f6a1593665adb6d7da0143131c') in 0.023495 seconds 
========================================================================
Received Import Request.
  Time since last request: 4.909507 seconds.
  path: Assets/Textures/Tree_Branch.png
  artifactKey: Guid(2ec1ca2cb169444448b917cdaea2a36d) Importer(815301076,1909f56bfc062723c751e8b465ee728b)
Start importing Assets/Textures/Tree_Branch.png using Guid(2ec1ca2cb169444448b917cdaea2a36d) Importer(815301076,1909f56bfc062723c751e8b465ee728b)  -> (artifact id: 'c92350c92ff11b1d74c4cc98ef9cf46e') in 0.021811 seconds 
========================================================================
Received Import Request.
  Time since last request: 79.227320 seconds.
  path: Assets/Models/tree.fbx
  artifactKey: Guid(57c4eb450a73cd241b680fde959a31d7) Importer(815301076,1909f56bfc062723c751e8b465ee728b)
Start importing Assets/Models/tree.fbx using Guid(57c4eb450a73cd241b680fde959a31d7) Importer(815301076,1909f56bfc062723c751e8b465ee728b)  -> (artifact id: '967175ade6e1f1737161bd7bec266a87') in 0.341853 seconds 
========================================================================
Received Import Request.
  Time since last request: 57.748466 seconds.
  path: Assets/Textures/Tree_Branch.png
  artifactKey: Guid(2ec1ca2cb169444448b917cdaea2a36d) Importer(815301076,1909f56bfc062723c751e8b465ee728b)
Start importing Assets/Textures/Tree_Branch.png using Guid(2ec1ca2cb169444448b917cdaea2a36d) Importer(815301076,1909f56bfc062723c751e8b465ee728b)  -> (artifact id: '30a0db7d89740cfb851d0b4910148ad2') in 0.475434 seconds 
========================================================================
Received Import Request.
  Time since last request: 17.638488 seconds.
  path: Assets/Textures/Tree_Branch.png
  artifactKey: Guid(2ec1ca2cb169444448b917cdaea2a36d) Importer(815301076,1909f56bfc062723c751e8b465ee728b)
Start importing Assets/Textures/Tree_Branch.png using Guid(2ec1ca2cb169444448b917cdaea2a36d) Importer(815301076,1909f56bfc062723c751e8b465ee728b)  -> (artifact id: '23884a5ea1271dba1c1ec3c8bc17728b') in 0.490532 seconds 
========================================================================
Received Import Request.
  Time since last request: 166.302680 seconds.
  path: Assets/Materials/leaf.mat
  artifactKey: Guid(5bf520d184c88c1499b43c03180b6189) Importer(815301076,1909f56bfc062723c751e8b465ee728b)
Start importing Assets/Materials/leaf.mat using Guid(5bf520d184c88c1499b43c03180b6189) Importer(815301076,1909f56bfc062723c751e8b465ee728b)  -> (artifact id: '5bd92a31e726b078c2647b5161e9923f') in 0.017791 seconds 
========================================================================
Received Import Request.
  Time since last request: 21.078672 seconds.
  path: Assets/Terrain/Terrain_0_0_43caa19c-f8b2-448d-8cca-f4124d263827.asset
  artifactKey: Guid(c116269b84ed81140994d7d494bb2a3f) Importer(815301076,1909f56bfc062723c751e8b465ee728b)
Start importing Assets/Terrain/Terrain_0_0_43caa19c-f8b2-448d-8cca-f4124d263827.asset using Guid(c116269b84ed81140994d7d494bb2a3f) Importer(815301076,1909f56bfc062723c751e8b465ee728b)  -> (artifact id: 'a390879eb4e62404ac0e1d38fd821fa3') in 0.193270 seconds 
========================================================================
Received Import Request.
  Time since last request: 104.332615 seconds.
  path: Assets/prefabs/tree.prefab
  artifactKey: Guid(f20dd8f9282a8f5439a1f4c292f588b2) Importer(815301076,1909f56bfc062723c751e8b465ee728b)
Start importing Assets/prefabs/tree.prefab using Guid(f20dd8f9282a8f5439a1f4c292f588b2) Importer(815301076,1909f56bfc062723c751e8b465ee728b)  -> (artifact id: '640543a55812a1a6068f48744495afe7') in 0.030796 seconds 
========================================================================
Received Import Request.
  Time since last request: 81.057377 seconds.
  path: Assets/Materials/leaf.mat
  artifactKey: Guid(5bf520d184c88c1499b43c03180b6189) Importer(815301076,1909f56bfc062723c751e8b465ee728b)
Start importing Assets/Materials/leaf.mat using Guid(5bf520d184c88c1499b43c03180b6189) Importer(815301076,1909f56bfc062723c751e8b465ee728b)  -> (artifact id: '2da48ac49cae1c345176b234ad80de7c') in 0.025226 seconds 
========================================================================
Received Import Request.
  Time since last request: 3.261597 seconds.
  path: Assets/Terrain/Terrain_0_0_43caa19c-f8b2-448d-8cca-f4124d263827.asset
  artifactKey: Guid(c116269b84ed81140994d7d494bb2a3f) Importer(815301076,1909f56bfc062723c751e8b465ee728b)
Start importing Assets/Terrain/Terrain_0_0_43caa19c-f8b2-448d-8cca-f4124d263827.asset using Guid(c116269b84ed81140994d7d494bb2a3f) Importer(815301076,1909f56bfc062723c751e8b465ee728b) The tree tree couldn't be instanced because the prefab contains no valid mesh renderer.
 -> (artifact id: 'aa703cfc9192dd80cc7ae7edda520d0c') in 0.019137 seconds 
========================================================================
Received Import Request.
  Time since last request: 21.711277 seconds.
  path: Assets/prefabs/tree.prefab
  artifactKey: Guid(f20dd8f9282a8f5439a1f4c292f588b2) Importer(815301076,1909f56bfc062723c751e8b465ee728b)
Start importing Assets/prefabs/tree.prefab using Guid(f20dd8f9282a8f5439a1f4c292f588b2) Importer(815301076,1909f56bfc062723c751e8b465ee728b)  -> (artifact id: '1beca72eec0f114c76d4e73a03d244f4') in 0.031144 seconds 
========================================================================
Received Import Request.
  Time since last request: 9.150237 seconds.
  path: Assets/prefabs/tree.prefab
  artifactKey: Guid(f20dd8f9282a8f5439a1f4c292f588b2) Importer(815301076,1909f56bfc062723c751e8b465ee728b)
Start importing Assets/prefabs/tree.prefab using Guid(f20dd8f9282a8f5439a1f4c292f588b2) Importer(815301076,1909f56bfc062723c751e8b465ee728b)  -> (artifact id: 'b2673f2538e11136d7c1f7647e4a378d') in 0.026266 seconds 
========================================================================
Received Import Request.
  Time since last request: 71.885119 seconds.
  path: Assets/prefabs/Cube.prefab
  artifactKey: Guid(fc3db40499188294c9b808ea4435a70c) Importer(815301076,1909f56bfc062723c751e8b465ee728b)
Start importing Assets/prefabs/Cube.prefab using Guid(fc3db40499188294c9b808ea4435a70c) Importer(815301076,1909f56bfc062723c751e8b465ee728b)  -> (artifact id: 'd6b57054b3e444b2b5bbeffff8f0a2a2') in 0.028360 seconds 
========================================================================
Received Import Request.
  Time since last request: 22.751491 seconds.
  path: Assets/prefabs/Tree.prefab
  artifactKey: Guid(f20dd8f9282a8f5439a1f4c292f588b2) Importer(815301076,1909f56bfc062723c751e8b465ee728b)
Start importing Assets/prefabs/Tree.prefab using Guid(f20dd8f9282a8f5439a1f4c292f588b2) Importer(815301076,1909f56bfc062723c751e8b465ee728b)  -> (artifact id: '6d27b1f0f2e98a155d9ff2792d8ef1fd') in 0.030029 seconds 
========================================================================
Received Import Request.
  Time since last request: 166.505462 seconds.
  path: Assets/tree.fbx
  artifactKey: Guid(79b4af013a8238e47ae8aae7de059f63) Importer(815301076,1909f56bfc062723c751e8b465ee728b)
Start importing Assets/tree.fbx using Guid(79b4af013a8238e47ae8aae7de059f63) Importer(815301076,1909f56bfc062723c751e8b465ee728b)  -> (artifact id: '48eb34fe05f1d68206999f35a105418b') in 0.135021 seconds 
========================================================================
Received Import Request.
  Time since last request: 101.717298 seconds.
  path: Assets/prefabs/Cube.prefab
  artifactKey: Guid(fc3db40499188294c9b808ea4435a70c) Importer(815301076,1909f56bfc062723c751e8b465ee728b)
Start importing Assets/prefabs/Cube.prefab using Guid(fc3db40499188294c9b808ea4435a70c) Importer(815301076,1909f56bfc062723c751e8b465ee728b)  -> (artifact id: 'cc95c30260ed9630e0cbf10170427680') in 0.032420 seconds 
========================================================================
Received Import Request.
  Time since last request: 82.615185 seconds.
  path: Assets/tree 1.fbx
  artifactKey: Guid(c5194d1b2ea50414ebd8bf0024f4169c) Importer(815301076,1909f56bfc062723c751e8b465ee728b)
Start importing Assets/tree 1.fbx using Guid(c5194d1b2ea50414ebd8bf0024f4169c) Importer(815301076,1909f56bfc062723c751e8b465ee728b)  -> (artifact id: '82e3b90bd848b787210794ddb8a718f8') in 0.174669 seconds 
========================================================================
Received Import Request.
  Time since last request: 54.091863 seconds.
  path: Assets/prefabs/Cube.prefab
  artifactKey: Guid(fc3db40499188294c9b808ea4435a70c) Importer(815301076,1909f56bfc062723c751e8b465ee728b)
Start importing Assets/prefabs/Cube.prefab using Guid(fc3db40499188294c9b808ea4435a70c) Importer(815301076,1909f56bfc062723c751e8b465ee728b)  -> (artifact id: '818ef961d9dc2d201ee91c8e2b9faaf0') in 0.013901 seconds 
========================================================================
Received Import Request.
  Time since last request: 8.077810 seconds.
  path: Assets/prefabs/Cube.prefab
  artifactKey: Guid(fc3db40499188294c9b808ea4435a70c) Importer(815301076,1909f56bfc062723c751e8b465ee728b)
Start importing Assets/prefabs/Cube.prefab using Guid(fc3db40499188294c9b808ea4435a70c) Importer(815301076,1909f56bfc062723c751e8b465ee728b)  -> (artifact id: 'e0a9348f8084139bda9a7cfbc534af4e') in 0.029110 seconds 
========================================================================
Received Prepare
Registering precompiled user dll's ...
Registered in 0.004463 seconds.
Begin MonoManager ReloadAssembly
Symbol file LoadedFromMemory is not a mono symbol file
Native extension for WindowsStandalone target not found
Refreshing native plugins compatible for Editor in 0.95 ms, found 2 plugins.
Preloading 0 native plugins for Editor in 0.00 ms.
Mono: successfully reloaded assembly
- Completed reload, in  1.566 seconds
Domain Reload Profiling:
	ReloadAssembly (1567ms)
		BeginReloadAssembly (180ms)
			ExecutionOrderSort (0ms)
			DisableScriptedObjects (8ms)
			BackupInstance (0ms)
			ReleaseScriptingObjects (0ms)
			CreateAndSetChildDomain (59ms)
		EndReloadAssembly (1280ms)
			LoadAssemblies (106ms)
			RebuildTransferFunctionScriptingTraits (0ms)
			SetupTypeCache (222ms)
			ReleaseScriptCaches (2ms)
			RebuildScriptCaches (73ms)
			SetupLoadedEditorAssemblies (814ms)
				LogAssemblyErrors (0ms)
				InitializePlatformSupportModulesInManaged (13ms)
				SetLoadedEditorAssemblies (0ms)
				RefreshPlugins (1ms)
				BeforeProcessingInitializeOnLoad (109ms)
				ProcessInitializeOnLoadAttributes (604ms)
				ProcessInitializeOnLoadMethodAttributes (75ms)
				AfterProcessingInitializeOnLoad (11ms)
				EditorAssembliesLoaded (0ms)
			ExecutionOrderSort2 (0ms)
			AwakeInstancesAfterBackupRestoration (14ms)
Platform modules already initialized, skipping
Refreshing native plugins compatible for Editor in 2.30 ms, found 2 plugins.
Preloading 0 native plugins for Editor in 0.00 ms.
Unloading 4125 Unused Serialized files (Serialized files now loaded: 0)
Unloading 30 unused Assets / (1.8 MB). Loaded Objects now: 4972.
Memory consumption went from 278.2 MB to 276.3 MB.
Total: 4.454300 ms (FindLiveObjects: 0.462300 ms CreateObjectMapping: 0.128200 ms MarkObjects: 3.313100 ms  DeleteObjects: 0.548900 ms)

AssetImportParameters requested are different than current active one (requested -> active):
  custom:video-decoder-ogg-theora: a1e56fd34408186e4bbccfd4996cb3dc -> 
  custom:container-muxer-webm: aa71ff27fc2769a1b78a27578f13a17b -> 
  custom:container-demuxer-webm: 4f35f7cbe854078d1ac9338744f61a02 -> 
  custom:video-encoder-webm-vp8: eb34c28f22e8b96e1ab97ce403110664 -> 
  custom:audio-encoder-webm-vorbis: bf7c407c2cedff20999df2af8eb42d56 -> 
  custom:framework-win-MediaFoundation: 216162199b28c13a410421893ffa2e32 -> 
  custom:container-demuxer-ogg: 62fdf1f143b41e24485cea50d1cbac27 -> 
  custom:video-decoder-webm-vp8: 9c59270c3fd7afecdb556c50c9e8de78 -> 
  custom:audio-decoder-ogg-vorbis: bf7c407c2cedff20999df2af8eb42d56 -> 
========================================================================
Received Prepare
Registering precompiled user dll's ...
Registered in 0.005803 seconds.
Begin MonoManager ReloadAssembly
Symbol file LoadedFromMemory is not a mono symbol file
Native extension for WindowsStandalone target not found
Refreshing native plugins compatible for Editor in 0.89 ms, found 2 plugins.
Preloading 0 native plugins for Editor in 0.00 ms.
Mono: successfully reloaded assembly
- Completed reload, in  1.605 seconds
Domain Reload Profiling:
	ReloadAssembly (1605ms)
		BeginReloadAssembly (162ms)
			ExecutionOrderSort (0ms)
			DisableScriptedObjects (8ms)
			BackupInstance (0ms)
			ReleaseScriptingObjects (0ms)
			CreateAndSetChildDomain (43ms)
		EndReloadAssembly (1334ms)
			LoadAssemblies (102ms)
			RebuildTransferFunctionScriptingTraits (0ms)
			SetupTypeCache (233ms)
			ReleaseScriptCaches (3ms)
			RebuildScriptCaches (81ms)
			SetupLoadedEditorAssemblies (841ms)
				LogAssemblyErrors (0ms)
				InitializePlatformSupportModulesInManaged (13ms)
				SetLoadedEditorAssemblies (0ms)
				RefreshPlugins (1ms)
				BeforeProcessingInitializeOnLoad (126ms)
				ProcessInitializeOnLoadAttributes (614ms)
				ProcessInitializeOnLoadMethodAttributes (75ms)
				AfterProcessingInitializeOnLoad (11ms)
				EditorAssembliesLoaded (0ms)
			ExecutionOrderSort2 (0ms)
			AwakeInstancesAfterBackupRestoration (15ms)
Platform modules already initialized, skipping
Refreshing native plugins compatible for Editor in 2.16 ms, found 2 plugins.
Preloading 0 native plugins for Editor in 0.00 ms.
Unloading 4125 Unused Serialized files (Serialized files now loaded: 0)
Unloading 30 unused Assets / (1.8 MB). Loaded Objects now: 4975.
Memory consumption went from 278.1 MB to 276.2 MB.
Total: 5.386900 ms (FindLiveObjects: 0.659400 ms CreateObjectMapping: 0.236000 ms MarkObjects: 3.824000 ms  DeleteObjects: 0.666000 ms)

AssetImportParameters requested are different than current active one (requested -> active):
  custom:video-decoder-ogg-theora: a1e56fd34408186e4bbccfd4996cb3dc -> 
  custom:container-muxer-webm: aa71ff27fc2769a1b78a27578f13a17b -> 
  custom:container-demuxer-webm: 4f35f7cbe854078d1ac9338744f61a02 -> 
  custom:video-encoder-webm-vp8: eb34c28f22e8b96e1ab97ce403110664 -> 
  custom:audio-encoder-webm-vorbis: bf7c407c2cedff20999df2af8eb42d56 -> 
  custom:framework-win-MediaFoundation: 216162199b28c13a410421893ffa2e32 -> 
  custom:container-demuxer-ogg: 62fdf1f143b41e24485cea50d1cbac27 -> 
  custom:video-decoder-webm-vp8: 9c59270c3fd7afecdb556c50c9e8de78 -> 
  custom:audio-decoder-ogg-vorbis: bf7c407c2cedff20999df2af8eb42d56 -> 
========================================================================
Received Prepare
Registering precompiled user dll's ...
Registered in 0.005611 seconds.
Begin MonoManager ReloadAssembly
Symbol file LoadedFromMemory is not a mono symbol file
Native extension for WindowsStandalone target not found
Refreshing native plugins compatible for Editor in 0.94 ms, found 2 plugins.
Preloading 0 native plugins for Editor in 0.00 ms.
Mono: successfully reloaded assembly
- Completed reload, in  1.463 seconds
Domain Reload Profiling:
	ReloadAssembly (1464ms)
		BeginReloadAssembly (147ms)
			ExecutionOrderSort (0ms)
			DisableScriptedObjects (6ms)
			BackupInstance (0ms)
			ReleaseScriptingObjects (0ms)
			CreateAndSetChildDomain (36ms)
		EndReloadAssembly (1211ms)
			LoadAssemblies (95ms)
			RebuildTransferFunctionScriptingTraits (0ms)
			SetupTypeCache (218ms)
			ReleaseScriptCaches (3ms)
			RebuildScriptCaches (71ms)
			SetupLoadedEditorAssemblies (764ms)
				LogAssemblyErrors (0ms)
				InitializePlatformSupportModulesInManaged (15ms)
				SetLoadedEditorAssemblies (0ms)
				RefreshPlugins (1ms)
				BeforeProcessingInitializeOnLoad (114ms)
				ProcessInitializeOnLoadAttributes (551ms)
				ProcessInitializeOnLoadMethodAttributes (73ms)
				AfterProcessingInitializeOnLoad (10ms)
				EditorAssembliesLoaded (0ms)
			ExecutionOrderSort2 (0ms)
			AwakeInstancesAfterBackupRestoration (13ms)
Platform modules already initialized, skipping
Refreshing native plugins compatible for Editor in 1.91 ms, found 2 plugins.
Preloading 0 native plugins for Editor in 0.00 ms.
Unloading 4125 Unused Serialized files (Serialized files now loaded: 0)
Unloading 30 unused Assets / (1.8 MB). Loaded Objects now: 4978.
Memory consumption went from 278.1 MB to 276.2 MB.
Total: 6.385700 ms (FindLiveObjects: 0.886600 ms CreateObjectMapping: 0.260500 ms MarkObjects: 4.457800 ms  DeleteObjects: 0.777900 ms)

AssetImportParameters requested are different than current active one (requested -> active):
  custom:video-decoder-ogg-theora: a1e56fd34408186e4bbccfd4996cb3dc -> 
  custom:container-muxer-webm: aa71ff27fc2769a1b78a27578f13a17b -> 
  custom:container-demuxer-webm: 4f35f7cbe854078d1ac9338744f61a02 -> 
  custom:video-encoder-webm-vp8: eb34c28f22e8b96e1ab97ce403110664 -> 
  custom:audio-encoder-webm-vorbis: bf7c407c2cedff20999df2af8eb42d56 -> 
  custom:framework-win-MediaFoundation: 216162199b28c13a410421893ffa2e32 -> 
  custom:container-demuxer-ogg: 62fdf1f143b41e24485cea50d1cbac27 -> 
  custom:video-decoder-webm-vp8: 9c59270c3fd7afecdb556c50c9e8de78 -> 
  custom:audio-decoder-ogg-vorbis: bf7c407c2cedff20999df2af8eb42d56 -> 
========================================================================
Received Prepare
Registering precompiled user dll's ...
Registered in 0.006015 seconds.
Begin MonoManager ReloadAssembly
Symbol file LoadedFromMemory is not a mono symbol file
Native extension for WindowsStandalone target not found
Refreshing native plugins compatible for Editor in 0.96 ms, found 2 plugins.
Preloading 0 native plugins for Editor in 0.00 ms.
Mono: successfully reloaded assembly
- Completed reload, in  1.527 seconds
Domain Reload Profiling:
	ReloadAssembly (1528ms)
		BeginReloadAssembly (147ms)
			ExecutionOrderSort (0ms)
			DisableScriptedObjects (6ms)
			BackupInstance (0ms)
			ReleaseScriptingObjects (0ms)
			CreateAndSetChildDomain (39ms)
		EndReloadAssembly (1283ms)
			LoadAssemblies (95ms)
			RebuildTransferFunctionScriptingTraits (0ms)
			SetupTypeCache (222ms)
			ReleaseScriptCaches (2ms)
			RebuildScriptCaches (77ms)
			SetupLoadedEditorAssemblies (817ms)
				LogAssemblyErrors (0ms)
				InitializePlatformSupportModulesInManaged (13ms)
				SetLoadedEditorAssemblies (1ms)
				RefreshPlugins (1ms)
				BeforeProcessingInitializeOnLoad (121ms)
				ProcessInitializeOnLoadAttributes (600ms)
				ProcessInitializeOnLoadMethodAttributes (72ms)
				AfterProcessingInitializeOnLoad (11ms)
				EditorAssembliesLoaded (0ms)
			ExecutionOrderSort2 (0ms)
			AwakeInstancesAfterBackupRestoration (14ms)
Platform modules already initialized, skipping
Refreshing native plugins compatible for Editor in 1.89 ms, found 2 plugins.
Preloading 0 native plugins for Editor in 0.00 ms.
Unloading 4125 Unused Serialized files (Serialized files now loaded: 0)
Unloading 30 unused Assets / (1.8 MB). Loaded Objects now: 4981.
Memory consumption went from 278.1 MB to 276.3 MB.
Total: 5.155300 ms (FindLiveObjects: 0.407300 ms CreateObjectMapping: 0.108600 ms MarkObjects: 4.102100 ms  DeleteObjects: 0.536200 ms)

AssetImportParameters requested are different than current active one (requested -> active):
  custom:video-decoder-ogg-theora: a1e56fd34408186e4bbccfd4996cb3dc -> 
  custom:container-muxer-webm: aa71ff27fc2769a1b78a27578f13a17b -> 
  custom:container-demuxer-webm: 4f35f7cbe854078d1ac9338744f61a02 -> 
  custom:video-encoder-webm-vp8: eb34c28f22e8b96e1ab97ce403110664 -> 
  custom:audio-encoder-webm-vorbis: bf7c407c2cedff20999df2af8eb42d56 -> 
  custom:framework-win-MediaFoundation: 216162199b28c13a410421893ffa2e32 -> 
  custom:container-demuxer-ogg: 62fdf1f143b41e24485cea50d1cbac27 -> 
  custom:video-decoder-webm-vp8: 9c59270c3fd7afecdb556c50c9e8de78 -> 
  custom:audio-decoder-ogg-vorbis: bf7c407c2cedff20999df2af8eb42d56 -> 
========================================================================
Received Prepare
Registering precompiled user dll's ...
Registered in 0.005873 seconds.
Begin MonoManager ReloadAssembly
Symbol file LoadedFromMemory is not a mono symbol file
Native extension for WindowsStandalone target not found
Refreshing native plugins compatible for Editor in 1.05 ms, found 2 plugins.
Preloading 0 native plugins for Editor in 0.00 ms.
Mono: successfully reloaded assembly
- Completed reload, in  1.519 seconds
Domain Reload Profiling:
	ReloadAssembly (1520ms)
		BeginReloadAssembly (150ms)
			ExecutionOrderSort (0ms)
			DisableScriptedObjects (5ms)
			BackupInstance (0ms)
			ReleaseScriptingObjects (0ms)
			CreateAndSetChildDomain (37ms)
		EndReloadAssembly (1256ms)
			LoadAssemblies (97ms)
			RebuildTransferFunctionScriptingTraits (0ms)
			SetupTypeCache (219ms)
			ReleaseScriptCaches (2ms)
			RebuildScriptCaches (71ms)
			SetupLoadedEditorAssemblies (799ms)
				LogAssemblyErrors (0ms)
				InitializePlatformSupportModulesInManaged (12ms)
				SetLoadedEditorAssemblies (0ms)
				RefreshPlugins (1ms)
				BeforeProcessingInitializeOnLoad (107ms)
				ProcessInitializeOnLoadAttributes (575ms)
				ProcessInitializeOnLoadMethodAttributes (92ms)
				AfterProcessingInitializeOnLoad (12ms)
				EditorAssembliesLoaded (0ms)
			ExecutionOrderSort2 (0ms)
			AwakeInstancesAfterBackupRestoration (16ms)
Platform modules already initialized, skipping
Refreshing native plugins compatible for Editor in 1.97 ms, found 2 plugins.
Preloading 0 native plugins for Editor in 0.00 ms.
Unloading 4125 Unused Serialized files (Serialized files now loaded: 0)
Unloading 30 unused Assets / (1.8 MB). Loaded Objects now: 4984.
Memory consumption went from 278.1 MB to 276.3 MB.
Total: 4.124200 ms (FindLiveObjects: 0.376000 ms CreateObjectMapping: 0.106400 ms MarkObjects: 3.120400 ms  DeleteObjects: 0.518800 ms)

AssetImportParameters requested are different than current active one (requested -> active):
  custom:video-decoder-ogg-theora: a1e56fd34408186e4bbccfd4996cb3dc -> 
  custom:container-muxer-webm: aa71ff27fc2769a1b78a27578f13a17b -> 
  custom:container-demuxer-webm: 4f35f7cbe854078d1ac9338744f61a02 -> 
  custom:video-encoder-webm-vp8: eb34c28f22e8b96e1ab97ce403110664 -> 
  custom:audio-encoder-webm-vorbis: bf7c407c2cedff20999df2af8eb42d56 -> 
  custom:framework-win-MediaFoundation: 216162199b28c13a410421893ffa2e32 -> 
  custom:container-demuxer-ogg: 62fdf1f143b41e24485cea50d1cbac27 -> 
  custom:video-decoder-webm-vp8: 9c59270c3fd7afecdb556c50c9e8de78 -> 
  custom:audio-decoder-ogg-vorbis: bf7c407c2cedff20999df2af8eb42d56 -> 
========================================================================
Received Import Request.
  Time since last request: 1584.240294 seconds.
  path: Assets/Materials/leaf.mat
  artifactKey: Guid(5bf520d184c88c1499b43c03180b6189) Importer(815301076,1909f56bfc062723c751e8b465ee728b)
Start importing Assets/Materials/leaf.mat using Guid(5bf520d184c88c1499b43c03180b6189) Importer(815301076,1909f56bfc062723c751e8b465ee728b)  -> (artifact id: 'ed327b3a828709b4b39ab04c217aef9e') in 0.241582 seconds 
========================================================================
Received Import Request.
  Time since last request: 6.481951 seconds.
  path: Assets/Models/tree.fbx
  artifactKey: Guid(57c4eb450a73cd241b680fde959a31d7) Importer(815301076,1909f56bfc062723c751e8b465ee728b)
Start importing Assets/Models/tree.fbx using Guid(57c4eb450a73cd241b680fde959a31d7) Importer(815301076,1909f56bfc062723c751e8b465ee728b)  -> (artifact id: 'b3d94ef2bd520da9520f9c8a048b3f3b') in 0.110913 seconds 
